authentication sucessful
authentication sucessful
authentication sucessful
authentication sucessful
Unauthorized. Please enter Username and Password to login
Unauthorized. Please enter Username and Password to login
Unauthorized. Please enter Username and Password to login
Unauthorized. Please enter Username and Password to login
authentication sucessful
authentication sucessful
authentication sucessful
authentication sucessful
authentication sucessful
authentication sucessful
authentication sucessful
authentication sucessful
authentication sucessful
Unauthorized. Please enter Username and Password to login
Unauthorized. Please enter Username and Password to login
Unauthorized. Please enter Username and Password to login
Unauthorized. Please enter Username and Password to login
authentication sucessful
authentication sucessful
authentication sucessful
authentication sucessful
authentication sucessful
authentication sucessful
authentication sucessful
authentication sucessful
authentication sucessful
Unauthorized. Please enter Username and Password to login
Unauthorized. Please enter Username and Password to login
Unauthorized. Please enter Username and Password to login
Unauthorized. Please enter Username and Password to login
authentication sucessful
authentication sucessful
authentication sucessful
authentication sucessful
authentication sucessful
authentication sucessful
authentication sucessful
authentication sucessful
authentication sucessful
Unauthorized. Please enter Username and Password to login
Unauthorized. Please enter Username and Password to login
Unauthorized. Please enter Username and Password to login
Unauthorized. Please enter Username and Password to login
authentication sucessful
authentication sucessful
authentication sucessful
authentication sucessful
authentication sucessful
authentication sucessful
authentication sucessful
authentication sucessful
authentication sucessful
Unauthorized. Please enter Username and Password to login
Unauthorized. Please enter Username and Password to login
Unauthorized. Please enter Username and Password to login
Unauthorized. Please enter Username and Password to login
authentication sucessful
authentication sucessful
authentication sucessful
authentication sucessful
authentication sucessful
authentication sucessful
authentication sucessful
authentication sucessful
authentication sucessful
Unauthorized. Please enter Username and Password to login
Unauthorized. Please enter Username and Password to login
Unauthorized. Please enter Username and Password to login
Unauthorized. Please enter Username and Password to login
authentication sucessful
authentication sucessful
authentication sucessful
authentication sucessful
authentication sucessful
authentication sucessful
Unauthorized. Please enter Username and Password to login
Unauthorized. Please enter Username and Password to login
Unauthorized. Please enter Username and Password to login
Unauthorized. Please enter Username and Password to login
authentication sucessful
authentication sucessful
authentication sucessful
authentication sucessful
authentication sucessful
authentication sucessful
authentication sucessful
authentication sucessful
authentication sucessful
authentication sucessful
authentication sucessful
Unauthorized. Please enter Username and Password to login
Unauthorized. Please enter Username and Password to login
Unauthorized. Please enter Username and Password to login
Unauthorized. Please enter Username and Password to login
authentication sucessful
authentication sucessful
authentication sucessful
authentication sucessful
Unauthorized. Please enter Username and Password to login
Unauthorized. Please enter Username and Password to login
Unauthorized. Please enter Username and Password to login
Unauthorized. Please enter Username and Password to login
authentication sucessful
authentication sucessful
authentication sucessful
authentication sucessful
Unauthorized. Please enter Username and Password to login
Unauthorized. Please enter Username and Password to login
Unauthorized. Please enter Username and Password to login
Unauthorized. Please enter Username and Password to login
authentication sucessful
authentication sucessful
authentication sucessful
authentication sucessful
Unauthorized. Please enter Username and Password to login
Unauthorized. Please enter Username and Password to login
Unauthorized. Please enter Username and Password to login
Unauthorized. Please enter Username and Password to login
authentication sucessful
token is eyJ0eXAiOiJKV1QiLCJhbGciOiJIUzI1NiJ9.eyJ1c2VyIjoidGVzdHVzZXIiLCJleHAiOjE1NzQxNTcxMDJ9.hI-j8ogYIJHxjmUWZnHNgUPARixfemzf6CM8egSquTY
Data after decode: {"user": "testuser", "exp": 1574157102}
Image url is https://homepages.cae.wisc.edu/~ece533/images/airplane.png
image opened
image converted to RGB
image size converted to 50*50
authentication sucessful
authentication sucessful
authentication sucessful
Unauthorized. Please enter Username and Password to login
Unauthorized. Please enter Username and Password to login
Unauthorized. Please enter Username and Password to login
Unauthorized. Please enter Username and Password to login
authentication sucessful
token is eyJ0eXAiOiJKV1QiLCJhbGciOiJIUzI1NiJ9.eyJ1c2VyIjoidGVzdHVzZXIiLCJleHAiOjE1NzQxNTcxMjV9.bha0IGT1xNXGsUi5wUrb7tmMwhNqQhYmBt-j3F1vnmc
Data after decode: {"user": "testuser", "exp": 1574157125}
Image url is https://homepages.cae.wisc.edu/~ece533/images/airplane.png
image opened
image converted to RGB
image size converted to 50*50
authentication sucessful
authentication sucessful
authentication sucessful
Unauthorized. Please enter Username and Password to login
Unauthorized. Please enter Username and Password to login
Unauthorized. Please enter Username and Password to login
Unauthorized. Please enter Username and Password to login
authentication sucessful
authentication sucessful
authentication sucessful
authentication sucessful
authentication sucessful
authentication sucessful
token is eyJ0eXAiOiJKV1QiLCJhbGciOiJIUzI1NiJ9.eyJ1c2VyIjoidGVzdHVzZXIiLCJleHAiOjE1NzQxNTcxNzh9.0IMwN-klG_OTw6rgjAybAjSYd4EBar7PQm-a50gACqI
Data after decode: {"user": "testuser", "exp": 1574157178}
Image url is https://homepages.cae.wisc.edu/~ece533/images/airplane.png
image opened
image converted to RGB
image size converted to 50*50
token is eyJhbGciOiJIUzI1NiIsInR5cCI6IkpXVCJ9.eyJ1c2VyIjoidGVzdCIsImV4cCI6MTU3Mzk5MzkxOX0.KaQgR3af_mm3nQffqD8cG91JNz7pKZUEebngp2Qt0xM
token is eyJhbGciOiJIUzI1NiIsInR5cCI6IkpXVCJ9.eyJ1c2VyIjoidGVzdCIsImV4cCI6MTU3Mzk5MzkxOX0.KaQgR3af_mm3nQffqD8cG91JNz7pKZUEebngp2Qt0xM
Invalid Token
Invalid Token
authentication sucessful
authentication sucessful
authentication sucessful
Unauthorized. Please enter Username and Password to login
Unauthorized. Please enter Username and Password to login
Unauthorized. Please enter Username and Password to login
Unauthorized. Please enter Username and Password to login
authentication sucessful
authentication sucessful
authentication sucessful
authentication sucessful
authentication sucessful
token is eyJ0eXAiOiJKV1QiLCJhbGciOiJIUzI1NiJ9.eyJ1c2VyIjoidGVzdHVzZXIiLCJleHAiOjE1NzQxNTcxODF9.o3h2htpqU8yc0VfDFK6-na4xU0Vnc9qxpw4QMdNS3X0
token is eyJ0eXAiOiJKV1QiLCJhbGciOiJIUzI1NiJ9.eyJ1c2VyIjoidGVzdHVzZXIiLCJleHAiOjE1NzQxNTcxODF9.o3h2htpqU8yc0VfDFK6-na4xU0Vnc9qxpw4QMdNS3X0
token is eyJ0eXAiOiJKV1QiLCJhbGciOiJIUzI1NiJ9.eyJ1c2VyIjoidGVzdHVzZXIiLCJleHAiOjE1NzQxNTcxODF9.o3h2htpqU8yc0VfDFK6-na4xU0Vnc9qxpw4QMdNS3X0
token is eyJ0eXAiOiJKV1QiLCJhbGciOiJIUzI1NiJ9.eyJ1c2VyIjoidGVzdHVzZXIiLCJleHAiOjE1NzQxNTcxODF9.o3h2htpqU8yc0VfDFK6-na4xU0Vnc9qxpw4QMdNS3X0
token is eyJ0eXAiOiJKV1QiLCJhbGciOiJIUzI1NiJ9.eyJ1c2VyIjoidGVzdHVzZXIiLCJleHAiOjE1NzQxNTcxODF9.o3h2htpqU8yc0VfDFK6-na4xU0Vnc9qxpw4QMdNS3X0
Data after decode: {"user": "testuser", "exp": 1574157181}
Data after decode: {"user": "testuser", "exp": 1574157181}
Data after decode: {"user": "testuser", "exp": 1574157181}
Data after decode: {"user": "testuser", "exp": 1574157181}
Data after decode: {"user": "testuser", "exp": 1574157181}
authentication sucessful
token is eyJ0eXAiOiJKV1QiLCJhbGciOiJIUzI1NiJ9.eyJ1c2VyIjoidGVzdHVzZXIiLCJleHAiOjE1NzQxNTcyMjJ9.KRmMVzV1rQ6Xpaajb7FuX4v6GtyOq8nsIf3i4rVgtaU
Data after decode: {"user": "testuser", "exp": 1574157222}
Image url is https://homepages.cae.wisc.edu/~ece533/images/airplane.png
image opened
image converted to RGB
image size converted to 50*50
token is eyJhbGciOiJIUzI1NiIsInR5cCI6IkpXVCJ9.eyJ1c2VyIjoidGVzdCIsImV4cCI6MTU3Mzk5MzkxOX0.KaQgR3af_mm3nQffqD8cG91JNz7pKZUEebngp2Qt0xM
token is eyJhbGciOiJIUzI1NiIsInR5cCI6IkpXVCJ9.eyJ1c2VyIjoidGVzdCIsImV4cCI6MTU3Mzk5MzkxOX0.KaQgR3af_mm3nQffqD8cG91JNz7pKZUEebngp2Qt0xM
Invalid Token
Invalid Token
authentication sucessful
authentication sucessful
authentication sucessful
Unauthorized. Please enter Username and Password to login
Unauthorized. Please enter Username and Password to login
Unauthorized. Please enter Username and Password to login
Unauthorized. Please enter Username and Password to login
authentication sucessful
authentication sucessful
authentication sucessful
authentication sucessful
authentication sucessful
token is eyJ0eXAiOiJKV1QiLCJhbGciOiJIUzI1NiJ9.eyJ1c2VyIjoidGVzdHVzZXIiLCJleHAiOjE1NzQxNTcyMjV9.VXbtVb1QmmF9fjkrpOURJ1JKZdEfkz798qb1lImByzc
token is eyJ0eXAiOiJKV1QiLCJhbGciOiJIUzI1NiJ9.eyJ1c2VyIjoidGVzdHVzZXIiLCJleHAiOjE1NzQxNTcyMjV9.VXbtVb1QmmF9fjkrpOURJ1JKZdEfkz798qb1lImByzc
token is eyJ0eXAiOiJKV1QiLCJhbGciOiJIUzI1NiJ9.eyJ1c2VyIjoidGVzdHVzZXIiLCJleHAiOjE1NzQxNTcyMjV9.VXbtVb1QmmF9fjkrpOURJ1JKZdEfkz798qb1lImByzc
token is eyJ0eXAiOiJKV1QiLCJhbGciOiJIUzI1NiJ9.eyJ1c2VyIjoidGVzdHVzZXIiLCJleHAiOjE1NzQxNTcyMjV9.VXbtVb1QmmF9fjkrpOURJ1JKZdEfkz798qb1lImByzc
token is eyJ0eXAiOiJKV1QiLCJhbGciOiJIUzI1NiJ9.eyJ1c2VyIjoidGVzdHVzZXIiLCJleHAiOjE1NzQxNTcyMjV9.VXbtVb1QmmF9fjkrpOURJ1JKZdEfkz798qb1lImByzc
Data after decode: {"user": "testuser", "exp": 1574157225}
Data after decode: {"user": "testuser", "exp": 1574157225}
Data after decode: {"user": "testuser", "exp": 1574157225}
Data after decode: {"user": "testuser", "exp": 1574157225}
Data after decode: {"user": "testuser", "exp": 1574157225}
